This is pdfTeX, Version 3.14159265-2.6-1.40.16 (MiKTeX 2.9) (preloaded format=pdflatex 2016.3.29)  17 NOV 2017 10:49
entering extended mode
**C:/JUE/Teaching/Stat5810_Fa2017_DataTechnologies/Project/ProceedingsPaper/pro
ceedings.tex

(C:/JUE/Teaching/Stat5810_Fa2017_DataTechnologies/Project/ProceedingsPaper/proc
eedings.tex
LaTeX2e <2015/10/01> patch level 2
Babel <3.9n> and hyphenation patterns for 69 languages loaded.
(asaproc.cls
Document Class: asaproc 1997/10/10 v1.3x Standard LaTeX document class

("C:\Users\Jürgen Symanzik\AppData\Local\Programs\MiKTeX 2.9\tex\latex\base\si
ze11.clo"
File: size11.clo 2014/09/29 v1.4h Standard LaTeX file (size option)
)
\c@part=\count79
\c@section=\count80
\c@subsection=\count81
\c@subsubsection=\count82
\c@paragraph=\count83
\c@subparagraph=\count84
\c@figure=\count85
\c@table=\count86
\abovecaptionskip=\skip41
\belowcaptionskip=\skip42
\bibindent=\dimen102
)
("C:\Users\Jürgen Symanzik\AppData\Local\Programs\MiKTeX 2.9\tex\latex\graphic
s\graphicx.sty"
Package: graphicx 2014/10/28 v1.0g Enhanced LaTeX Graphics (DPC,SPQR)

("C:\Users\Jürgen Symanzik\AppData\Local\Programs\MiKTeX 2.9\tex\latex\graphic
s\keyval.sty"
Package: keyval 2014/10/28 v1.15 key=value parser (DPC)
\KV@toks@=\toks14
)
("C:\Users\Jürgen Symanzik\AppData\Local\Programs\MiKTeX 2.9\tex\latex\graphic
s\graphics.sty"
Package: graphics 2014/10/28 v1.0p Standard LaTeX Graphics (DPC,SPQR)

("C:\Users\Jürgen Symanzik\AppData\Local\Programs\MiKTeX 2.9\tex\latex\graphic
s\trig.sty"
Package: trig 1999/03/16 v1.09 sin cos tan (DPC)
)
("C:\Users\Jürgen Symanzik\AppData\Local\Programs\MiKTeX 2.9\tex\latex\00mikte
x\graphics.cfg"
File: graphics.cfg 2007/01/18 v1.5 graphics configuration of teTeX/TeXLive
)
Package graphics Info: Driver file: pdftex.def on input line 94.

("C:\Users\Jürgen Symanzik\AppData\Local\Programs\MiKTeX 2.9\tex\latex\pdftex-
def\pdftex.def"
File: pdftex.def 2011/05/27 v0.06d Graphics/color for pdfTeX

("C:\Users\Jürgen Symanzik\AppData\Local\Programs\MiKTeX 2.9\tex\generic\oberd
iek\infwarerr.sty"
Package: infwarerr 2010/04/08 v1.3 Providing info/warning/error messages (HO)
)
("C:\Users\Jürgen Symanzik\AppData\Local\Programs\MiKTeX 2.9\tex\generic\oberd
iek\ltxcmds.sty"
Package: ltxcmds 2011/11/09 v1.22 LaTeX kernel commands for general use (HO)
)
\Gread@gobject=\count87
))
\Gin@req@height=\dimen103
\Gin@req@width=\dimen104
)
("C:\Users\Jürgen Symanzik\AppData\Local\Programs\MiKTeX 2.9\tex\latex\natbib\
natbib.sty"
Package: natbib 2010/09/13 8.31b (PWD, AO)
\bibhang=\skip43
\bibsep=\skip44
LaTeX Info: Redefining \cite on input line 694.
\c@NAT@ctr=\count88
)
("C:\Users\Jürgen Symanzik\AppData\Local\Programs\MiKTeX 2.9\tex\latex\url\url
.sty"
\Urlmuskip=\muskip10
Package: url 2013/09/16  ver 3.4  Verb mode for urls, etc.
)
("C:\Users\Jürgen Symanzik\AppData\Local\Programs\MiKTeX 2.9\tex\latex\graphic
s\color.sty"
Package: color 2014/10/28 v1.1a Standard LaTeX Color (DPC)

("C:\Users\Jürgen Symanzik\AppData\Local\Programs\MiKTeX 2.9\tex\latex\00mikte
x\color.cfg"
File: color.cfg 2007/01/18 v1.5 color configuration of teTeX/TeXLive
)
Package color Info: Driver file: pdftex.def on input line 142.
)
("C:\Users\Jürgen Symanzik\AppData\Local\Programs\MiKTeX 2.9\tex\latex\psnfss\
times.sty"
Package: times 2005/04/12 PSNFSS-v9.2a (SPQR) 
)
("C:\Users\Jürgen Symanzik\AppData\Local\Programs\MiKTeX 2.9\tex\latex\tools\v
erbatim.sty"
Package: verbatim 2014/10/28 v1.5q LaTeX2e package for verbatim enhancements
\every@verbatim=\toks15
\verbatim@line=\toks16
\verbatim@in@stream=\read1
)
("C:\Users\Jürgen Symanzik\AppData\Local\Programs\MiKTeX 2.9\tex\latex\hyperre
f\hyperref.sty"
Package: hyperref 2012/11/06 v6.83m Hypertext links for LaTeX

("C:\Users\Jürgen Symanzik\AppData\Local\Programs\MiKTeX 2.9\tex\generic\oberd
iek\hobsub-hyperref.sty"
Package: hobsub-hyperref 2012/04/25 v1.12 Bundle oberdiek, subset hyperref (HO)


("C:\Users\Jürgen Symanzik\AppData\Local\Programs\MiKTeX 2.9\tex\generic\oberd
iek\hobsub-generic.sty"
Package: hobsub-generic 2012/04/25 v1.12 Bundle oberdiek, subset generic (HO)
Package: hobsub 2012/04/25 v1.12 Construct package bundles (HO)
Package hobsub Info: Skipping package `infwarerr' (already loaded).
Package hobsub Info: Skipping package `ltxcmds' (already loaded).
Package: ifluatex 2010/03/01 v1.3 Provides the ifluatex switch (HO)
Package ifluatex Info: LuaTeX not detected.
Package: ifvtex 2010/03/01 v1.5 Detect VTeX and its facilities (HO)
Package ifvtex Info: VTeX not detected.
Package: intcalc 2007/09/27 v1.1 Expandable calculations with integers (HO)
Package: ifpdf 2011/01/30 v2.3 Provides the ifpdf switch (HO)
Package ifpdf Info: pdfTeX in PDF mode is detected.
Package: etexcmds 2011/02/16 v1.5 Avoid name clashes with e-TeX commands (HO)
Package etexcmds Info: Could not find \expanded.
(etexcmds)             That can mean that you are not using pdfTeX 1.50 or
(etexcmds)             that some package has redefined \expanded.
(etexcmds)             In the latter case, load this package earlier.
Package: kvsetkeys 2012/04/25 v1.16 Key value parser (HO)
Package: kvdefinekeys 2011/04/07 v1.3 Define keys (HO)
Package: pdftexcmds 2011/11/29 v0.20 Utility functions of pdfTeX for LuaTeX (HO
)
Package pdftexcmds Info: LuaTeX not detected.
Package pdftexcmds Info: \pdf@primitive is available.
Package pdftexcmds Info: \pdf@ifprimitive is available.
Package pdftexcmds Info: \pdfdraftmode found.
Package: pdfescape 2011/11/25 v1.13 Implements pdfTeX's escape features (HO)
Package: bigintcalc 2012/04/08 v1.3 Expandable calculations on big integers (HO
)
Package: bitset 2011/01/30 v1.1 Handle bit-vector datatype (HO)
Package: uniquecounter 2011/01/30 v1.2 Provide unlimited unique counter (HO)
)
Package hobsub Info: Skipping package `hobsub' (already loaded).
Package: letltxmacro 2010/09/02 v1.4 Let assignment for LaTeX macros (HO)
Package: hopatch 2011/06/24 v1.1 Wrapper for package hooks (HO)
Package: xcolor-patch 2011/01/30 xcolor patch
Package: atveryend 2011/06/30 v1.8 Hooks at the very end of document (HO)
Package atveryend Info: \enddocument detected (standard20110627).
Package: atbegshi 2011/10/05 v1.16 At begin shipout hook (HO)
Package: refcount 2011/10/16 v3.4 Data extraction from label references (HO)
Package: hycolor 2011/01/30 v1.7 Color options for hyperref/bookmark (HO)
)
("C:\Users\Jürgen Symanzik\AppData\Local\Programs\MiKTeX 2.9\tex\generic\ifxet
ex\ifxetex.sty"
Package: ifxetex 2010/09/12 v0.6 Provides ifxetex conditional
)
("C:\Users\Jürgen Symanzik\AppData\Local\Programs\MiKTeX 2.9\tex\latex\oberdie
k\auxhook.sty"
Package: auxhook 2011/03/04 v1.3 Hooks for auxiliary files (HO)
)
("C:\Users\Jürgen Symanzik\AppData\Local\Programs\MiKTeX 2.9\tex\latex\oberdie
k\kvoptions.sty"
Package: kvoptions 2011/06/30 v3.11 Key value format for package options (HO)
)
\@linkdim=\dimen105
\Hy@linkcounter=\count89
\Hy@pagecounter=\count90

("C:\Users\Jürgen Symanzik\AppData\Local\Programs\MiKTeX 2.9\tex\latex\hyperre
f\pd1enc.def"
File: pd1enc.def 2012/11/06 v6.83m Hyperref: PDFDocEncoding definition (HO)
)
\Hy@SavedSpaceFactor=\count91

("C:\Users\Jürgen Symanzik\AppData\Local\Programs\MiKTeX 2.9\tex\latex\00mikte
x\hyperref.cfg"
File: hyperref.cfg 2002/06/06 v1.2 hyperref configuration of TeXLive
)
Package hyperref Info: Option `breaklinks' set `true' on input line 4319.
Package hyperref Info: Hyper figures OFF on input line 4443.
Package hyperref Info: Link nesting OFF on input line 4448.
Package hyperref Info: Hyper index ON on input line 4451.
Package hyperref Info: Plain pages OFF on input line 4458.
Package hyperref Info: Backreferencing OFF on input line 4463.
Package hyperref Info: Implicit mode ON; LaTeX internals redefined.
Package hyperref Info: Bookmarks ON on input line 4688.
\c@Hy@tempcnt=\count92
LaTeX Info: Redefining \url on input line 5041.
\XeTeXLinkMargin=\dimen106
\Fld@menulength=\count93
\Field@Width=\dimen107
\Fld@charsize=\dimen108
Package hyperref Info: Hyper figures OFF on input line 6295.
Package hyperref Info: Link nesting OFF on input line 6300.
Package hyperref Info: Hyper index ON on input line 6303.
Package hyperref Info: backreferencing OFF on input line 6310.
Package hyperref Info: Link coloring OFF on input line 6315.
Package hyperref Info: Link coloring with OCG OFF on input line 6320.
Package hyperref Info: PDF/A mode OFF on input line 6325.
LaTeX Info: Redefining \ref on input line 6365.
LaTeX Info: Redefining \pageref on input line 6369.
\Hy@abspage=\count94
\c@Item=\count95
\c@Hfootnote=\count96
)

Package hyperref Message: Driver (autodetected): hpdftex.


("C:\Users\Jürgen Symanzik\AppData\Local\Programs\MiKTeX 2.9\tex\latex\hyperre
f\hpdftex.def"
File: hpdftex.def 2012/11/06 v6.83m Hyperref driver for pdfTeX
\Fld@listcount=\count97
\c@bookmark@seq@number=\count98

("C:\Users\Jürgen Symanzik\AppData\Local\Programs\MiKTeX 2.9\tex\latex\oberdie
k\rerunfilecheck.sty"
Package: rerunfilecheck 2011/04/15 v1.7 Rerun checks for auxiliary files (HO)
Package uniquecounter Info: New unique counter `rerunfilecheck' on input line 2
82.
)
\Hy@SectionHShift=\skip45
) (proceedings.aux)
\openout1 = `proceedings.aux'.

LaTeX Font Info:    Checking defaults for OML/cmm/m/it on input line 29.
LaTeX Font Info:    ... okay on input line 29.
LaTeX Font Info:    Checking defaults for T1/cmr/m/n on input line 29.
LaTeX Font Info:    ... okay on input line 29.
LaTeX Font Info:    Checking defaults for OT1/cmr/m/n on input line 29.
LaTeX Font Info:    ... okay on input line 29.
LaTeX Font Info:    Checking defaults for OMS/cmsy/m/n on input line 29.
LaTeX Font Info:    ... okay on input line 29.
LaTeX Font Info:    Checking defaults for OMX/cmex/m/n on input line 29.
LaTeX Font Info:    ... okay on input line 29.
LaTeX Font Info:    Checking defaults for U/cmr/m/n on input line 29.
LaTeX Font Info:    ... okay on input line 29.
LaTeX Font Info:    Checking defaults for PD1/pdf/m/n on input line 29.
LaTeX Font Info:    ... okay on input line 29.
LaTeX Font Info:    Try loading font information for OT1+ptm on input line 29.

("C:\Users\Jürgen Symanzik\AppData\Local\Programs\MiKTeX 2.9\tex\latex\psnfss\
ot1ptm.fd"
File: ot1ptm.fd 2001/06/04 font definitions for OT1/ptm.
)
("C:\Users\Jürgen Symanzik\AppData\Local\Programs\MiKTeX 2.9\tex\context\base\
supp-pdf.mkii"
[Loading MPS to PDF converter (version 2006.09.02).]
\scratchcounter=\count99
\scratchdimen=\dimen109
\scratchbox=\box26
\nofMPsegments=\count100
\nofMParguments=\count101
\everyMPshowfont=\toks17
\MPscratchCnt=\count102
\MPscratchDim=\dimen110
\MPnumerator=\count103
\makeMPintoPDFobject=\count104
\everyMPtoPDFconversion=\toks18
)
\AtBeginShipoutBox=\box27
Package hyperref Info: Link coloring OFF on input line 29.

("C:\Users\Jürgen Symanzik\AppData\Local\Programs\MiKTeX 2.9\tex\latex\hyperre
f\nameref.sty"
Package: nameref 2012/10/27 v2.43 Cross-referencing by name of section

("C:\Users\Jürgen Symanzik\AppData\Local\Programs\MiKTeX 2.9\tex\generic\oberd
iek\gettitlestring.sty"
Package: gettitlestring 2010/12/03 v1.4 Cleanup title references (HO)
)
\c@section@level=\count105
)
LaTeX Info: Redefining \ref on input line 29.
LaTeX Info: Redefining \pageref on input line 29.
LaTeX Info: Redefining \nameref on input line 29.
 (proceedings.out) (proceedings.out)
\@outlinefile=\write3
\openout3 = `proceedings.out'.

LaTeX Font Info:    Font shape `OT1/ptm/bx/n' in size <12> not available
(Font)              Font shape `OT1/ptm/b/n' tried instead on input line 39.
LaTeX Font Info:    External font `cmex10' loaded for size
(Font)              <10.95> on input line 39.
LaTeX Font Info:    External font `cmex10' loaded for size
(Font)              <8> on input line 39.
LaTeX Font Info:    External font `cmex10' loaded for size
(Font)              <6> on input line 39.
LaTeX Font Info:    Try loading font information for OMS+ptm on input line 39.

("C:\Users\Jürgen Symanzik\AppData\Local\Programs\MiKTeX 2.9\tex\latex\psnfss\
omsptm.fd"
File: omsptm.fd 
)
LaTeX Font Info:    Font shape `OMS/ptm/m/n' in size <8> not available
(Font)              Font shape `OMS/cmsy/m/n' tried instead on input line 39.
LaTeX Font Info:    External font `cmex10' loaded for size
(Font)              <9> on input line 39.
LaTeX Font Info:    External font `cmex10' loaded for size
(Font)              <5> on input line 39.
LaTeX Font Info:    Font shape `OMS/ptm/m/n' in size <6> not available
(Font)              Font shape `OMS/cmsy/m/n' tried instead on input line 39.
LaTeX Font Info:    Try loading font information for OT1+pcr on input line 39.

("C:\Users\Jürgen Symanzik\AppData\Local\Programs\MiKTeX 2.9\tex\latex\psnfss\
ot1pcr.fd"
File: ot1pcr.fd 2001/06/04 font definitions for OT1/pcr.
)
LaTeX Font Info:    Font shape `OT1/ptm/bx/n' in size <10> not available
(Font)              Font shape `OT1/ptm/b/n' tried instead on input line 40.
LaTeX Font Info:    Font shape `OT1/ptm/bx/n' in size <10.95> not available
(Font)              Font shape `OT1/ptm/b/n' tried instead on input line 46.
 [1

{C:/Users/Jürgen Symanzik/AppData/Local/MiKTeX/2.9/pdftex/config/pdftex.map}] 
[2] <figures/Posture1.jpg, id=82, 390.64865pt x 563.18513pt>
File: figures/Posture1.jpg Graphic file (type jpg)

<use figures/Posture1.jpg>
Package pdftex.def Info: figures/Posture1.jpg used on input line 155.
(pdftex.def)             Requested size: 122.34563pt x 122.34567pt.

<figures/Posture2.jpg, id=83, 365.949pt x 562.392pt>
File: figures/Posture2.jpg Graphic file (type jpg)

<use figures/Posture2.jpg>
Package pdftex.def Info: figures/Posture2.jpg used on input line 156.
(pdftex.def)             Requested size: 122.34378pt x 122.345pt.

<figures/Posture3.jpg, id=84, 317.07649pt x 558.62756pt>
File: figures/Posture3.jpg Graphic file (type jpg)

<use figures/Posture3.jpg>
Package pdftex.def Info: figures/Posture3.jpg used on input line 157.
(pdftex.def)             Requested size: 122.34818pt x 122.34438pt.

<figures/Posture4.jpg, id=85, 379.4175pt x 561.38304pt>
File: figures/Posture4.jpg Graphic file (type jpg)

<use figures/Posture4.jpg>
Package pdftex.def Info: figures/Posture4.jpg used on input line 158.
(pdftex.def)             Requested size: 122.34238pt x 122.34824pt.

<figures/Posture5.jpg, id=86, 406.92567pt x 562.53406pt>
File: figures/Posture5.jpg Graphic file (type jpg)

<use figures/Posture5.jpg>
Package pdftex.def Info: figures/Posture5.jpg used on input line 159.
(pdftex.def)             Requested size: 122.34563pt x 122.34158pt.

<figures/Posture6.jpg, id=87, 403.67027pt x 559.27866pt>
File: figures/Posture6.jpg Graphic file (type jpg)

<use figures/Posture6.jpg>
Package pdftex.def Info: figures/Posture6.jpg used on input line 160.
(pdftex.def)             Requested size: 122.34622pt x 122.3419pt.
 [3 <./figures/Posture1.jpg> <./figures/Posture2.jpg> <./figures/Posture3.jpg> 
<./figures/Posture4.jpg> <./figures/Posture5.jpg> <./figures/Posture6.jpg>]
LaTeX Font Info:    Font shape `OMS/ptm/m/n' in size <10.95> not available
(Font)              Font shape `OMS/cmsy/m/n' tried instead on input line 191.

<figures/Participant_1_2_Lengths.pdf, id=99, 505.89pt x 289.08pt>
File: figures/Participant_1_2_Lengths.pdf Graphic file (type pdf)

<use figures/Participant_1_2_Lengths.pdf>
Package pdftex.def Info: figures/Participant_1_2_Lengths.pdf used on input line
 205.
(pdftex.def)             Requested size: 392.04218pt x 224.02585pt.

<figures/LengthsAgreements.pdf, id=100, 505.89pt x 505.89pt>
File: figures/LengthsAgreements.pdf Graphic file (type pdf)

<use figures/LengthsAgreements.pdf>
Package pdftex.def Info: figures/LengthsAgreements.pdf used on input line 213.
(pdftex.def)             Requested size: 356.39758pt x 356.40547pt.

Underfull \hbox (badness 10000) in paragraph at lines 214--215

 []

[4 <./figures/Participant_1_2_Lengths.pdf>]
<figures/Kayd_scatterplot_posture0.jpg, id=113, 481.8pt x 481.8pt>
File: figures/Kayd_scatterplot_posture0.jpg Graphic file (type jpg)

<use figures/Kayd_scatterplot_posture0.jpg>
Package pdftex.def Info: figures/Kayd_scatterplot_posture0.jpg used on input li
ne 245.
(pdftex.def)             Requested size: 194.04218pt x 194.03987pt.

<figures/Kayd_scatterplot_posture23.jpg, id=114, 481.8pt x 481.8pt>
File: figures/Kayd_scatterplot_posture23.jpg Graphic file (type jpg)

<use figures/Kayd_scatterplot_posture23.jpg>
Package pdftex.def Info: figures/Kayd_scatterplot_posture23.jpg used on input l
ine 246.
(pdftex.def)             Requested size: 194.04218pt x 194.03987pt.
 [5 <./figures/LengthsAgreements.pdf>] <figures/Kayd_heatmap_posture8.jpg, id=1
27, 481.8pt x 481.8pt>
File: figures/Kayd_heatmap_posture8.jpg Graphic file (type jpg)

<use figures/Kayd_heatmap_posture8.jpg>
Package pdftex.def Info: figures/Kayd_heatmap_posture8.jpg used on input line 2
99.
(pdftex.def)             Requested size: 194.04218pt x 194.03987pt.

<figures/Subject13_heatmap_posture8.jpg, id=128, 481.8pt x 481.8pt>
File: figures/Subject13_heatmap_posture8.jpg Graphic file (type jpg)

<use figures/Subject13_heatmap_posture8.jpg>
Package pdftex.def Info: figures/Subject13_heatmap_posture8.jpg used on input l
ine 300.
(pdftex.def)             Requested size: 194.04218pt x 194.03987pt.

<figures/Kayd_scanpath_posture8.jpg, id=129, 648.17157pt x 599.23875pt>
File: figures/Kayd_scanpath_posture8.jpg Graphic file (type jpg)

<use figures/Kayd_scanpath_posture8.jpg>
Package pdftex.def Info: figures/Kayd_scanpath_posture8.jpg used on input line 
301.
(pdftex.def)             Requested size: 194.04218pt x 179.38898pt.

<figures/Subject13_scanpath_posture8.jpg, id=130, 648.17157pt x 599.23875pt>
File: figures/Subject13_scanpath_posture8.jpg Graphic file (type jpg)

<use figures/Subject13_scanpath_posture8.jpg>
Package pdftex.def Info: figures/Subject13_scanpath_posture8.jpg used on input 
line 302.
(pdftex.def)             Requested size: 194.04218pt x 179.38898pt.
 [6 <./figures/Kayd_scatterplot_posture0.jpg> <./figures/Kayd_scatterplot_postu
re23.jpg>]
<figures/Kayd_heatmap_posture17.jpg, id=145, 481.8pt x 481.8pt>
File: figures/Kayd_heatmap_posture17.jpg Graphic file (type jpg)

<use figures/Kayd_heatmap_posture17.jpg>
Package pdftex.def Info: figures/Kayd_heatmap_posture17.jpg used on input line 
330.
(pdftex.def)             Requested size: 194.04218pt x 194.03987pt.

<figures/Subject13_heatmap_posture17.jpg, id=146, 481.8pt x 481.8pt>
File: figures/Subject13_heatmap_posture17.jpg Graphic file (type jpg)

<use figures/Subject13_heatmap_posture17.jpg>
Package pdftex.def Info: figures/Subject13_heatmap_posture17.jpg used on input 
line 331.
(pdftex.def)             Requested size: 194.04218pt x 194.03987pt.

<figures/Kayd_scanpath_posture17.jpg, id=147, 648.17157pt x 599.23875pt>
File: figures/Kayd_scanpath_posture17.jpg Graphic file (type jpg)

<use figures/Kayd_scanpath_posture17.jpg>
Package pdftex.def Info: figures/Kayd_scanpath_posture17.jpg used on input line
 332.
(pdftex.def)             Requested size: 194.04218pt x 179.38898pt.

<figures/Subject13_scanpath_posture17.jpg, id=148, 648.17157pt x 599.23875pt>
File: figures/Subject13_scanpath_posture17.jpg Graphic file (type jpg)

<use figures/Subject13_scanpath_posture17.jpg>
Package pdftex.def Info: figures/Subject13_scanpath_posture17.jpg used on input
 line 333.
(pdftex.def)             Requested size: 194.04218pt x 179.38898pt.

<figures/Kayd_heatmap_posture14.jpg, id=151, 481.8pt x 481.8pt>
File: figures/Kayd_heatmap_posture14.jpg Graphic file (type jpg)

<use figures/Kayd_heatmap_posture14.jpg>
Package pdftex.def Info: figures/Kayd_heatmap_posture14.jpg used on input line 
352.
(pdftex.def)             Requested size: 194.04218pt x 194.03987pt.

<figures/Subject13_heatmap_posture14.jpg, id=152, 481.8pt x 481.8pt>
File: figures/Subject13_heatmap_posture14.jpg Graphic file (type jpg)

<use figures/Subject13_heatmap_posture14.jpg>
Package pdftex.def Info: figures/Subject13_heatmap_posture14.jpg used on input 
line 353.
(pdftex.def)             Requested size: 194.04218pt x 194.03987pt.

<figures/Kayd_scanpath_posture14.jpg, id=153, 648.17157pt x 599.23875pt>
File: figures/Kayd_scanpath_posture14.jpg Graphic file (type jpg)

<use figures/Kayd_scanpath_posture14.jpg>
Package pdftex.def Info: figures/Kayd_scanpath_posture14.jpg used on input line
 354.
(pdftex.def)             Requested size: 194.04218pt x 179.38898pt.

<figures/Subject13_scanpath_posture14.jpg, id=154, 648.17157pt x 599.23875pt>
File: figures/Subject13_scanpath_posture14.jpg Graphic file (type jpg)

<use figures/Subject13_scanpath_posture14.jpg>
Package pdftex.def Info: figures/Subject13_scanpath_posture14.jpg used on input
 line 355.
(pdftex.def)             Requested size: 194.04218pt x 179.38898pt.
File: figures/Subject13_scanpath_posture17.jpg Graphic file (type jpg)

<use figures/Subject13_scanpath_posture17.jpg>
Package pdftex.def Info: figures/Subject13_scanpath_posture17.jpg used on input
 line 383.
(pdftex.def)             Requested size: 194.04218pt x 179.38898pt.

<figures/Subject13_LSM_posture17_clipped.jpg, id=157, 1546.77875pt x 676.5275pt
>
File: figures/Subject13_LSM_posture17_clipped.jpg Graphic file (type jpg)
 <use figures/Subject13_LSM_posture17_clipped.jpg>
Package pdftex.def Info: figures/Subject13_LSM_posture17_clipped.jpg used on in
put line 384.
(pdftex.def)             Requested size: 194.03133pt x 178.195pt.
 [7 <./figures/Kayd_heatmap_posture8.jpg> <./figures/Subject13_heatmap_posture8
.jpg> <./figures/Kayd_scanpath_posture8.jpg> <./figures/Subject13_scanpath_post
ure8.jpg>]
File: figures/Subject13_scanpath_posture14.jpg Graphic file (type jpg)

<use figures/Subject13_scanpath_posture14.jpg>
Package pdftex.def Info: figures/Subject13_scanpath_posture14.jpg used on input
 line 392.
(pdftex.def)             Requested size: 194.04218pt x 179.38898pt.

<figures/Subject13_LSM_posture14_clipped.jpg, id=166, 1549.79pt x 681.54625pt>
File: figures/Subject13_LSM_posture14_clipped.jpg Graphic file (type jpg)

<use figures/Subject13_LSM_posture14_clipped.jpg>
Package pdftex.def Info: figures/Subject13_LSM_posture14_clipped.jpg used on in
put line 393.
(pdftex.def)             Requested size: 194.03069pt x 178.1962pt.
 [8 <./figures/Kayd_heatmap_posture17.jpg> <./figures/Subject13_heatmap_posture
17.jpg> <./figures/Kayd_scanpath_posture17.jpg> <./figures/Subject13_scanpath_p
osture17.jpg>] [9 <./figures/Kayd_heatmap_posture14.jpg> <./figures/Subject13_h
eatmap_posture14.jpg> <./figures/Kayd_scanpath_posture14.jpg> <./figures/Subjec
t13_scanpath_posture14.jpg>]
<figures/Subject13_scatterplot_posture8.jpg, id=192, 481.8pt x 481.8pt>
File: figures/Subject13_scatterplot_posture8.jpg Graphic file (type jpg)

<use figures/Subject13_scatterplot_posture8.jpg>
Package pdftex.def Info: figures/Subject13_scatterplot_posture8.jpg used on inp
ut line 448.
(pdftex.def)             Requested size: 118.80121pt x 118.79558pt.

<figures/Subject13_heatmap_posture8_new.jpg, id=193, 481.8pt x 481.8pt>
File: figures/Subject13_heatmap_posture8_new.jpg Graphic file (type jpg)

<use figures/Subject13_heatmap_posture8_new.jpg>
Package pdftex.def Info: figures/Subject13_heatmap_posture8_new.jpg used on inp
ut line 449.
(pdftex.def)             Requested size: 118.80121pt x 118.79558pt.

<figures/Subject13_scanpath_posture8_lambda_1.jpg, id=194, 481.8pt x 481.8pt>
File: figures/Subject13_scanpath_posture8_lambda_1.jpg Graphic file (type jpg)

<use figures/Subject13_scanpath_posture8_lambda_1.jpg>
Package pdftex.def Info: figures/Subject13_scanpath_posture8_lambda_1.jpg used 
on input line 450.
(pdftex.def)             Requested size: 118.80121pt x 118.79558pt.

<figures/Subject13_scanpath_posture8_lambda_2.jpg, id=195, 481.8pt x 481.8pt>
File: figures/Subject13_scanpath_posture8_lambda_2.jpg Graphic file (type jpg)

<use figures/Subject13_scanpath_posture8_lambda_2.jpg>
Package pdftex.def Info: figures/Subject13_scanpath_posture8_lambda_2.jpg used 
on input line 451.
(pdftex.def)             Requested size: 118.80121pt x 118.79558pt.

<figures/Subject13_scanpath_posture8_lambda_3.jpg, id=196, 481.8pt x 481.8pt>
File: figures/Subject13_scanpath_posture8_lambda_3.jpg Graphic file (type jpg)

<use figures/Subject13_scanpath_posture8_lambda_3.jpg>
Package pdftex.def Info: figures/Subject13_scanpath_posture8_lambda_3.jpg used 
on input line 452.
(pdftex.def)             Requested size: 118.80121pt x 118.79558pt.

<figures/Subject13_scanpath_posture8_lambda_5.jpg, id=197, 481.8pt x 481.8pt>
File: figures/Subject13_scanpath_posture8_lambda_5.jpg Graphic file (type jpg)

<use figures/Subject13_scanpath_posture8_lambda_5.jpg>
Package pdftex.def Info: figures/Subject13_scanpath_posture8_lambda_5.jpg used 
on input line 453.
(pdftex.def)             Requested size: 118.80121pt x 118.79558pt.

<figures/Subject13_scanpath_posture8_lambda_8.jpg, id=198, 481.8pt x 481.8pt>
File: figures/Subject13_scanpath_posture8_lambda_8.jpg Graphic file (type jpg)

<use figures/Subject13_scanpath_posture8_lambda_8.jpg>
Package pdftex.def Info: figures/Subject13_scanpath_posture8_lambda_8.jpg used 
on input line 454.
(pdftex.def)             Requested size: 118.80121pt x 118.79558pt.

<figures/Subject13_scanpath_posture8_lambda_10.jpg, id=199, 481.8pt x 481.8pt>
File: figures/Subject13_scanpath_posture8_lambda_10.jpg Graphic file (type jpg)


<use figures/Subject13_scanpath_posture8_lambda_10.jpg>
Package pdftex.def Info: figures/Subject13_scanpath_posture8_lambda_10.jpg used
 on input line 455.
(pdftex.def)             Requested size: 118.80121pt x 118.79558pt.

<figures/Subject13_scanpath_posture8_lambda_12.jpg, id=200, 481.8pt x 481.8pt>
File: figures/Subject13_scanpath_posture8_lambda_12.jpg Graphic file (type jpg)


<use figures/Subject13_scanpath_posture8_lambda_12.jpg>
Package pdftex.def Info: figures/Subject13_scanpath_posture8_lambda_12.jpg used
 on input line 456.
(pdftex.def)             Requested size: 118.80121pt x 118.79558pt.

<figures/Subject13_scanpath_posture8_lambda_15.jpg, id=201, 481.8pt x 481.8pt>
File: figures/Subject13_scanpath_posture8_lambda_15.jpg Graphic file (type jpg)


<use figures/Subject13_scanpath_posture8_lambda_15.jpg>
Package pdftex.def Info: figures/Subject13_scanpath_posture8_lambda_15.jpg used
 on input line 457.
(pdftex.def)             Requested size: 118.80121pt x 118.79558pt.

Underfull \hbox (badness 10000) in paragraph at lines 458--461

 []

[10 <./figures/Subject13_LSM_posture17_clipped.jpg> <./figures/Subject13_LSM_po
sture14_clipped.jpg>]

LaTeX Warning: Text page 11 contains only floats.


Overfull \vbox (4.26938pt too high) has occurred while \output is active []


[11 <./figures/Subject13_scatterplot_posture8.jpg> <./figures/Subject13_heatmap
_posture8_new.jpg> <./figures/Subject13_scanpath_posture8_lambda_1.jpg> <./figu
res/Subject13_scanpath_posture8_lambda_2.jpg> <./figures/Subject13_scanpath_pos
ture8_lambda_3.jpg> <./figures/Subject13_scanpath_posture8_lambda_5.jpg> <./fig
ures/Subject13_scanpath_posture8_lambda_8.jpg> <./figures/Subject13_scanpath_po
sture8_lambda_10.jpg> <./figures/Subject13_scanpath_posture8_lambda_12.jpg> <./
figures/Subject13_scanpath_posture8_lambda_15.jpg>]
<figures/Subject13_scatterplot_posture17.jpg, id=221, 481.8pt x 481.8pt>
File: figures/Subject13_scatterplot_posture17.jpg Graphic file (type jpg)

<use figures/Subject13_scatterplot_posture17.jpg>
Package pdftex.def Info: figures/Subject13_scatterplot_posture17.jpg used on in
put line 500.
(pdftex.def)             Requested size: 118.80121pt x 118.79558pt.

<figures/Subject13_heatmap_posture17_new.jpg, id=222, 481.8pt x 481.8pt>
File: figures/Subject13_heatmap_posture17_new.jpg Graphic file (type jpg)

<use figures/Subject13_heatmap_posture17_new.jpg>
Package pdftex.def Info: figures/Subject13_heatmap_posture17_new.jpg used on in
put line 501.
(pdftex.def)             Requested size: 118.80121pt x 118.79558pt.

<figures/Subject13_scanpath_posture17_lambda_1.jpg, id=223, 481.8pt x 481.8pt>
File: figures/Subject13_scanpath_posture17_lambda_1.jpg Graphic file (type jpg)


<use figures/Subject13_scanpath_posture17_lambda_1.jpg>
Package pdftex.def Info: figures/Subject13_scanpath_posture17_lambda_1.jpg used
 on input line 502.
(pdftex.def)             Requested size: 118.80121pt x 118.79558pt.

<figures/Subject13_scanpath_posture17_lambda_2.jpg, id=224, 481.8pt x 481.8pt>
File: figures/Subject13_scanpath_posture17_lambda_2.jpg Graphic file (type jpg)


<use figures/Subject13_scanpath_posture17_lambda_2.jpg>
Package pdftex.def Info: figures/Subject13_scanpath_posture17_lambda_2.jpg used
 on input line 503.
(pdftex.def)             Requested size: 118.80121pt x 118.79558pt.

<figures/Subject13_scanpath_posture17_lambda_3.jpg, id=225, 481.8pt x 481.8pt>
File: figures/Subject13_scanpath_posture17_lambda_3.jpg Graphic file (type jpg)


<use figures/Subject13_scanpath_posture17_lambda_3.jpg>
Package pdftex.def Info: figures/Subject13_scanpath_posture17_lambda_3.jpg used
 on input line 504.
(pdftex.def)             Requested size: 118.80121pt x 118.79558pt.

<figures/Subject13_scanpath_posture17_lambda_5.jpg, id=226, 481.8pt x 481.8pt>
File: figures/Subject13_scanpath_posture17_lambda_5.jpg Graphic file (type jpg)


<use figures/Subject13_scanpath_posture17_lambda_5.jpg>
Package pdftex.def Info: figures/Subject13_scanpath_posture17_lambda_5.jpg used
 on input line 505.
(pdftex.def)             Requested size: 118.80121pt x 118.79558pt.

<figures/Subject13_scanpath_posture17_lambda_8.jpg, id=227, 481.8pt x 481.8pt>
File: figures/Subject13_scanpath_posture17_lambda_8.jpg Graphic file (type jpg)


<use figures/Subject13_scanpath_posture17_lambda_8.jpg>
Package pdftex.def Info: figures/Subject13_scanpath_posture17_lambda_8.jpg used
 on input line 506.
(pdftex.def)             Requested size: 118.80121pt x 118.79558pt.

<figures/Subject13_scanpath_posture17_lambda_10.jpg, id=228, 481.8pt x 481.8pt>
File: figures/Subject13_scanpath_posture17_lambda_10.jpg Graphic file (type jpg
)
<use figures/Subject13_scanpath_posture17_lambda_10.jpg>
Package pdftex.def Info: figures/Subject13_scanpath_posture17_lambda_10.jpg use
d on input line 507.
(pdftex.def)             Requested size: 118.80121pt x 118.79558pt.

<figures/Subject13_scanpath_posture17_lambda_12.jpg, id=229, 481.8pt x 481.8pt>
File: figures/Subject13_scanpath_posture17_lambda_12.jpg Graphic file (type jpg
)
<use figures/Subject13_scanpath_posture17_lambda_12.jpg>
Package pdftex.def Info: figures/Subject13_scanpath_posture17_lambda_12.jpg use
d on input line 508.
(pdftex.def)             Requested size: 118.80121pt x 118.79558pt.

<figures/Subject13_scanpath_posture17_lambda_15.jpg, id=230, 481.8pt x 481.8pt>
File: figures/Subject13_scanpath_posture17_lambda_15.jpg Graphic file (type jpg
)
<use figures/Subject13_scanpath_posture17_lambda_15.jpg>
Package pdftex.def Info: figures/Subject13_scanpath_posture17_lambda_15.jpg use
d on input line 509.
(pdftex.def)             Requested size: 118.80121pt x 118.79558pt.

Underfull \hbox (badness 10000) in paragraph at lines 510--513

 []

<figures/Subject13_scatterplot_posture14.jpg, id=231, 481.8pt x 481.8pt>
File: figures/Subject13_scatterplot_posture14.jpg Graphic file (type jpg)

<use figures/Subject13_scatterplot_posture14.jpg>
Package pdftex.def Info: figures/Subject13_scatterplot_posture14.jpg used on in
put line 519.
(pdftex.def)             Requested size: 118.80121pt x 118.79558pt.

<figures/Subject13_heatmap_posture14_new.jpg, id=232, 481.8pt x 481.8pt>
File: figures/Subject13_heatmap_posture14_new.jpg Graphic file (type jpg)

<use figures/Subject13_heatmap_posture14_new.jpg>
Package pdftex.def Info: figures/Subject13_heatmap_posture14_new.jpg used on in
put line 520.
(pdftex.def)             Requested size: 118.80121pt x 118.79558pt.

<figures/Subject13_scanpath_posture14_lambda_1.jpg, id=233, 481.8pt x 481.8pt>
File: figures/Subject13_scanpath_posture14_lambda_1.jpg Graphic file (type jpg)


<use figures/Subject13_scanpath_posture14_lambda_1.jpg>
Package pdftex.def Info: figures/Subject13_scanpath_posture14_lambda_1.jpg used
 on input line 521.
(pdftex.def)             Requested size: 118.80121pt x 118.79558pt.

<figures/Subject13_scanpath_posture14_lambda_2.jpg, id=234, 481.8pt x 481.8pt>
File: figures/Subject13_scanpath_posture14_lambda_2.jpg Graphic file (type jpg)


<use figures/Subject13_scanpath_posture14_lambda_2.jpg>
Package pdftex.def Info: figures/Subject13_scanpath_posture14_lambda_2.jpg used
 on input line 522.
(pdftex.def)             Requested size: 118.80121pt x 118.79558pt.

<figures/Subject13_scanpath_posture14_lambda_3.jpg, id=235, 481.8pt x 481.8pt>
File: figures/Subject13_scanpath_posture14_lambda_3.jpg Graphic file (type jpg)


<use figures/Subject13_scanpath_posture14_lambda_3.jpg>
Package pdftex.def Info: figures/Subject13_scanpath_posture14_lambda_3.jpg used
 on input line 523.
(pdftex.def)             Requested size: 118.80121pt x 118.79558pt.

<figures/Subject13_scanpath_posture14_lambda_5.jpg, id=236, 481.8pt x 481.8pt>
File: figures/Subject13_scanpath_posture14_lambda_5.jpg Graphic file (type jpg)


<use figures/Subject13_scanpath_posture14_lambda_5.jpg>
Package pdftex.def Info: figures/Subject13_scanpath_posture14_lambda_5.jpg used
 on input line 524.
(pdftex.def)             Requested size: 118.80121pt x 118.79558pt.

<figures/Subject13_scanpath_posture14_lambda_8.jpg, id=237, 481.8pt x 481.8pt>
File: figures/Subject13_scanpath_posture14_lambda_8.jpg Graphic file (type jpg)


<use figures/Subject13_scanpath_posture14_lambda_8.jpg>
Package pdftex.def Info: figures/Subject13_scanpath_posture14_lambda_8.jpg used
 on input line 525.
(pdftex.def)             Requested size: 118.80121pt x 118.79558pt.

<figures/Subject13_scanpath_posture14_lambda_10.jpg, id=238, 481.8pt x 481.8pt>
File: figures/Subject13_scanpath_posture14_lambda_10.jpg Graphic file (type jpg
)
<use figures/Subject13_scanpath_posture14_lambda_10.jpg>
Package pdftex.def Info: figures/Subject13_scanpath_posture14_lambda_10.jpg use
d on input line 526.
(pdftex.def)             Requested size: 118.80121pt x 118.79558pt.

<figures/Subject13_scanpath_posture14_lambda_12.jpg, id=239, 481.8pt x 481.8pt>
File: figures/Subject13_scanpath_posture14_lambda_12.jpg Graphic file (type jpg
)
<use figures/Subject13_scanpath_posture14_lambda_12.jpg>
Package pdftex.def Info: figures/Subject13_scanpath_posture14_lambda_12.jpg use
d on input line 527.
(pdftex.def)             Requested size: 118.80121pt x 118.79558pt.

<figures/Subject13_scanpath_posture14_lambda_15.jpg, id=240, 481.8pt x 481.8pt>
File: figures/Subject13_scanpath_posture14_lambda_15.jpg Graphic file (type jpg
)
<use figures/Subject13_scanpath_posture14_lambda_15.jpg>
Package pdftex.def Info: figures/Subject13_scanpath_posture14_lambda_15.jpg use
d on input line 528.
(pdftex.def)             Requested size: 118.80121pt x 118.79558pt.

Underfull \hbox (badness 10000) in paragraph at lines 529--532

 []


Overfull \hbox (2.38461pt too wide) in paragraph at lines 563--570
[]\OT1/ptm/m/n/10.95 The eye-tracking tech-nol-ogy pro-vided sat-is-fac-tory an
d de-tailed in-for-ma-tion about which
 []

[12]

LaTeX Warning: Text page 13 contains only floats.


Overfull \vbox (4.26938pt too high) has occurred while \output is active []


[13 <./figures/Subject13_scatterplot_posture17.jpg> <./figures/Subject13_heatma
p_posture17_new.jpg> <./figures/Subject13_scanpath_posture17_lambda_1.jpg> <./f
igures/Subject13_scanpath_posture17_lambda_2.jpg> <./figures/Subject13_scanpath
_posture17_lambda_3.jpg> <./figures/Subject13_scanpath_posture17_lambda_5.jpg> 
<./figures/Subject13_scanpath_posture17_lambda_8.jpg> <./figures/Subject13_scan
path_posture17_lambda_10.jpg> <./figures/Subject13_scanpath_posture17_lambda_12
.jpg> <./figures/Subject13_scanpath_posture17_lambda_15.jpg>]

LaTeX Warning: Text page 14 contains only floats.


Overfull \vbox (4.26938pt too high) has occurred while \output is active []


[14 <./figures/Subject13_scatterplot_posture14.jpg> <./figures/Subject13_heatma
p_posture14_new.jpg> <./figures/Subject13_scanpath_posture14_lambda_1.jpg> <./f
igures/Subject13_scanpath_posture14_lambda_2.jpg> <./figures/Subject13_scanpath
_posture14_lambda_3.jpg> <./figures/Subject13_scanpath_posture14_lambda_5.jpg> 
<./figures/Subject13_scanpath_posture14_lambda_8.jpg> <./figures/Subject13_scan
path_posture14_lambda_10.jpg> <./figures/Subject13_scanpath_posture14_lambda_12
.jpg> <./figures/Subject13_scanpath_posture14_lambda_15.jpg>] (proceedings.bbl)
Package atveryend Info: Empty hook `BeforeClearDocument' on input line 587.
[15]
Package atveryend Info: Empty hook `AfterLastShipout' on input line 587.
 (proceedings.aux)
Package atveryend Info: Executing hook `AtVeryEndDocument' on input line 587.
Package atveryend Info: Executing hook `AtEndAfterFileList' on input line 587.
Package rerunfilecheck Info: File `proceedings.out' has not changed.
(rerunfilecheck)             Checksum: ABDE4C8641EC070D3FD32C7ED41F8C69;414.
Package atveryend Info: Empty hook `AtVeryVeryEnd' on input line 587.
 ) 
Here is how much of TeX's memory you used:
 5854 strings out of 493634
 95405 string characters out of 3130749
 173653 words of memory out of 3000000
 9082 multiletter control sequences out of 15000+200000
 23315 words of font info for 49 fonts, out of 3000000 for 9000
 1025 hyphenation exceptions out of 8191
 31i,11n,28p,1162b,351s stack positions out of 5000i,500n,10000p,200000b,50000s
{C:/Users/Jürgen Symanzik/AppData/Local/Programs/MiKTeX 2.9/fonts/enc/dvips/
fontname/8r.enc}<C:/Users/Jürgen Symanzik/AppData/Local/Programs/MiKTeX 2.9/fo
nts/type1/public/amsfonts/cm/cmmi10.pfb><C:/Users/Jürgen Symanzik/AppData/Loca
l/Programs/MiKTeX 2.9/fonts/type1/public/amsfonts/cm/cmr10.pfb><C:/Users/Jürge
n Symanzik/AppData/Local/Programs/MiKTeX 2.9/fonts/type1/public/amsfonts/cm/cms
y10.pfb><C:/Users/Jürgen Symanzik/AppData/Local/Programs/MiKTeX 2.9/fonts/type
1/public/amsfonts/cm/cmsy6.pfb><C:/Users/Jürgen Symanzik/AppData/Local/Program
s/MiKTeX 2.9/fonts/type1/public/amsfonts/cm/cmsy8.pfb><C:/Users/Jürgen Symanzi
k/AppData/Local/Programs/MiKTeX 2.9/fonts/type1/urw/courier/ucrr8a.pfb><C:/User
s/Jürgen Symanzik/AppData/Local/Programs/MiKTeX 2.9/fonts/type1/urw/times/utmb
8a.pfb><C:/Users/Jürgen Symanzik/AppData/Local/Programs/MiKTeX 2.9/fonts/type1
/urw/times/utmr8a.pfb><C:/Users/Jürgen Symanzik/AppData/Local/Programs/MiKTeX 
2.9/fonts/type1/urw/times/utmri8a.pfb>
Output written on proceedings.pdf (15 pages, 3319715 bytes).
PDF statistics:
 310 PDF objects out of 1000 (max. 8388607)
 57 named destinations out of 1000 (max. 500000)
 319 words of extra memory for PDF output out of 10000 (max. 10000000)

